<?xml version="1.0" encoding="UTF-8"?>
<!-- Generated by org.testng.reporters.JUnitReportReporter -->
<testsuite skipped="0" hostname="DESKTOP-0DD4S8E" name="model.TestModel" tests="1" failures="0" timestamp="22 janv. 2018 14:40:23 GMT" time="0.045" errors="0">
  <testcase name="testGetMessage" time="0.045" classname="model.TestModel"/>
</testsuite> <!-- model.TestModel -->
